<?xml version="1.0" encoding="UTF-8"?>
<testsuite name="com.example.rqchallenge.service.EmployeeServiceTest" tests="16" skipped="0" failures="0" errors="0" timestamp="2024-05-27T17:29:19" hostname="LAPTOP-JTTVNMPE" time="0.221">
  <properties/>
  <testcase name="testCreateEmployee_Fail()" classname="com.example.rqchallenge.service.EmployeeServiceTest" time="0.038"/>
  <testcase name="testCreateEmployee_Null()" classname="com.example.rqchallenge.service.EmployeeServiceTest" time="0.007"/>
  <testcase name="testDeleteEmployee()" classname="com.example.rqchallenge.service.EmployeeServiceTest" time="0.008"/>
  <testcase name="testGetTopTenHighestEarningEmployeeNames()" classname="com.example.rqchallenge.service.EmployeeServiceTest" time="0.022"/>
  <testcase name="testGetHighestSalaryOfEmployees()" classname="com.example.rqchallenge.service.EmployeeServiceTest" time="0.008"/>
  <testcase name="testGetAllEmployees_NotFound()" classname="com.example.rqchallenge.service.EmployeeServiceTest" time="0.008"/>
  <testcase name="testGetEmployeeById()" classname="com.example.rqchallenge.service.EmployeeServiceTest" time="0.006"/>
  <testcase name="testGetEmployeesByNameSearch_NotFound()" classname="com.example.rqchallenge.service.EmployeeServiceTest" time="0.01"/>
  <testcase name="testDeleteEmployee_Fail()" classname="com.example.rqchallenge.service.EmployeeServiceTest" time="0.015"/>
  <testcase name="testDeleteEmployee_Null()" classname="com.example.rqchallenge.service.EmployeeServiceTest" time="0.007"/>
  <testcase name="testGetEmployeeById_NotFound()" classname="com.example.rqchallenge.service.EmployeeServiceTest" time="0.006"/>
  <testcase name="testCreateEmployee()" classname="com.example.rqchallenge.service.EmployeeServiceTest" time="0.022"/>
  <testcase name="testGetHighestSalaryOfEmployees_NotFound()" classname="com.example.rqchallenge.service.EmployeeServiceTest" time="0.009"/>
  <testcase name="testGetAllEmployees()" classname="com.example.rqchallenge.service.EmployeeServiceTest" time="0.006"/>
  <testcase name="testGetTopTenHighestEarningEmployeeNames_NotFound()" classname="com.example.rqchallenge.service.EmployeeServiceTest" time="0.009"/>
  <testcase name="testGetEmployeesByNameSearch()" classname="com.example.rqchallenge.service.EmployeeServiceTest" time="0.008"/>
  <system-out><![CDATA[2024-05-27 22:59:17.369  INFO 28340 --- [    Test worker] .b.t.c.SpringBootTestContextBootstrapper : Neither @ContextConfiguration nor @ContextHierarchy found for test class [com.example.rqchallenge.service.EmployeeServiceTest], using SpringBootContextLoader
2024-05-27 22:59:17.369  INFO 28340 --- [    Test worker] o.s.t.c.support.AbstractContextLoader    : Could not detect default resource locations for test class [com.example.rqchallenge.service.EmployeeServiceTest]: no resource found for suffixes {-context.xml, Context.groovy}.
2024-05-27 22:59:17.369  INFO 28340 --- [    Test worker] t.c.s.AnnotationConfigContextLoaderUtils : Could not detect default configuration classes for test class [com.example.rqchallenge.service.EmployeeServiceTest]: EmployeeServiceTest does not declare any static, non-private, non-final, nested classes annotated with @Configuration.
2024-05-27 22:59:17.385  INFO 28340 --- [    Test worker] .b.t.c.SpringBootTestContextBootstrapper : Found @SpringBootConfiguration com.example.rqchallenge.RqChallengeApplication for test class com.example.rqchallenge.service.EmployeeServiceTest
2024-05-27 22:59:17.385  INFO 28340 --- [    Test worker] .b.t.c.SpringBootTestContextBootstrapper : Loaded default TestExecutionListener class names from location [META-INF/spring.factories]: [org.springframework.boot.test.autoconfigure.restdocs.RestDocsTestExecutionListener, org.springframework.boot.test.autoconfigure.web.client.MockRestServiceServerResetTestExecutionListener, org.springframework.boot.test.autoconfigure.web.servlet.MockMvcPrintOnlyOnFailureTestExecutionListener, org.springframework.boot.test.autoconfigure.web.servlet.WebDriverTestExecutionListener, org.springframework.boot.test.autoconfigure.webservices.client.MockWebServiceServerTestExecutionListener, org.springframework.boot.test.mock.mockito.MockitoTestExecutionListener, org.springframework.boot.test.mock.mockito.ResetMocksTestExecutionListener, org.springframework.test.context.web.ServletTestExecutionListener, org.springframework.test.context.support.DirtiesContextBeforeModesTestExecutionListener, org.springframework.test.context.event.ApplicationEventsTestExecutionListener, org.springframework.test.context.support.DependencyInjectionTestExecutionListener, org.springframework.test.context.support.DirtiesContextTestExecutionListener, org.springframework.test.context.transaction.TransactionalTestExecutionListener, org.springframework.test.context.jdbc.SqlScriptsTestExecutionListener, org.springframework.test.context.event.EventPublishingTestExecutionListener]
2024-05-27 22:59:17.401  INFO 28340 --- [    Test worker] .b.t.c.SpringBootTestContextBootstrapper : Using TestExecutionListeners: [org.springframework.test.context.web.ServletTestExecutionListener@2a5efbb9, org.springframework.test.context.support.DirtiesContextBeforeModesTestExecutionListener@43b45ce4, org.springframework.test.context.event.ApplicationEventsTestExecutionListener@73e93c3a, org.springframework.boot.test.mock.mockito.MockitoTestExecutionListener@1835b783, org.springframework.boot.test.autoconfigure.SpringBootDependencyInjectionTestExecutionListener@456b140f, org.springframework.test.context.support.DirtiesContextTestExecutionListener@2459333a, org.springframework.test.context.event.EventPublishingTestExecutionListener@1e6bd367, org.springframework.boot.test.autoconfigure.restdocs.RestDocsTestExecutionListener@2bd7f686, org.springframework.boot.test.autoconfigure.web.client.MockRestServiceServerResetTestExecutionListener@3601549f, org.springframework.boot.test.autoconfigure.web.servlet.MockMvcPrintOnlyOnFailureTestExecutionListener@5b2c7186, org.springframework.boot.test.autoconfigure.web.servlet.WebDriverTestExecutionListener@1b9c716f, org.springframework.boot.test.autoconfigure.webservices.client.MockWebServiceServerTestExecutionListener@f6bc75c, org.springframework.boot.test.mock.mockito.ResetMocksTestExecutionListener@33f2cf82]

  .   ____          _            __ _ _
 /\\ / ___'_ __ _ _(_)_ __  __ _ \ \ \ \
( ( )\___ | '_ | '_| | '_ \/ _` | \ \ \ \
 \\/  ___)| |_)| | | | | || (_| |  ) ) ) )
  '  |____| .__|_| |_|_| |_\__, | / / / /
 =========|_|==============|___/=/_/_/_/
 :: Spring Boot ::                (v2.6.1)

2024-05-27 22:59:18.042  INFO 28340 --- [    Test worker] c.e.r.service.EmployeeServiceTest        : Starting EmployeeServiceTest using Java 11.0.2 on LAPTOP-JTTVNMPE with PID 28340 (started by Guest1 in C:\Users\Guest1\Documents\GitHub\java-employee-challenge-2024)
2024-05-27 22:59:18.042  INFO 28340 --- [    Test worker] c.e.r.service.EmployeeServiceTest        : No active profile set, falling back to default profiles: default
2024-05-27 22:59:18.311  INFO 28340 --- [    Test worker] o.s.cloud.context.scope.GenericScope     : BeanFactory id=38628506-cdf5-3dde-ab90-9e396dbe05c6
2024-05-27 22:59:19.159  INFO 28340 --- [    Test worker] c.e.r.service.EmployeeServiceTest        : Started EmployeeServiceTest in 1.342 seconds (JVM running for 8.025)
2024-05-27 22:59:19.222  INFO 28340 --- [    Test worker] c.e.rqchallenge.service.EmployeeService  : fetchAllEmployees = EmployeeList(data=[Employee(id=1, employee_name=Snehal, employee_salary=25000, employee_age=32, profile_image=null), Employee(id=2, employee_name=Arun, employee_salary=12000, employee_age=25, profile_image=null), Employee(id=3, employee_name=Sonal, employee_salary=10000, employee_age=28, profile_image=null), Employee(id=4, employee_name=Ajay, employee_salary=10005, employee_age=45, profile_image=null), Employee(id=5, employee_name=Madhukar, employee_salary=100006, employee_age=35, profile_image=null), Employee(id=6, employee_name=Narayan, employee_salary=10000, employee_age=50, profile_image=null), Employee(id=7, employee_name=Prakash, employee_salary=10001, employee_age=39, profile_image=null), Employee(id=8, employee_name=Sanjay, employee_salary=10002, employee_age=42, profile_image=null), Employee(id=9, employee_name=Radha, employee_salary=10003, employee_age=65, profile_image=null), Employee(id=10, employee_name=Sarika, employee_salary=10004, employee_age=41, profile_image=null), Employee(id=11, employee_name=Ajay Kumar, employee_salary=200000, employee_age=45, profile_image=null)])
2024-05-27 22:59:19.245  INFO 28340 --- [    Test worker] c.e.rqchallenge.service.EmployeeService  : highestSalaryEmployeeNames = [Ajay Kumar, Madhukar, Snehal, Arun, Ajay, Sarika, Radha, Sanjay, Prakash, Sonal]
2024-05-27 22:59:19.253  INFO 28340 --- [    Test worker] c.e.rqchallenge.service.EmployeeService  : fetchAllEmployees = EmployeeList(data=[Employee(id=1, employee_name=Snehal, employee_salary=25000, employee_age=32, profile_image=null), Employee(id=2, employee_name=Arun, employee_salary=12000, employee_age=25, profile_image=null), Employee(id=3, employee_name=Sonal, employee_salary=10000, employee_age=28, profile_image=null), Employee(id=4, employee_name=Ajay, employee_salary=10005, employee_age=45, profile_image=null), Employee(id=5, employee_name=Madhukar, employee_salary=100006, employee_age=35, profile_image=null), Employee(id=6, employee_name=Narayan, employee_salary=10000, employee_age=50, profile_image=null), Employee(id=7, employee_name=Prakash, employee_salary=10001, employee_age=39, profile_image=null), Employee(id=8, employee_name=Sanjay, employee_salary=10002, employee_age=42, profile_image=null), Employee(id=9, employee_name=Radha, employee_salary=10003, employee_age=65, profile_image=null), Employee(id=10, employee_name=Sarika, employee_salary=10004, employee_age=41, profile_image=null), Employee(id=11, employee_name=Ajay Kumar, employee_salary=200000, employee_age=45, profile_image=null)])
2024-05-27 22:59:19.253  INFO 28340 --- [    Test worker] c.e.rqchallenge.service.EmployeeService  : highestSalary = Optional[Employee(id=11, employee_name=Ajay Kumar, employee_salary=200000, employee_age=45, profile_image=null)]
2024-05-27 22:59:19.269  INFO 28340 --- [    Test worker] c.e.rqchallenge.service.EmployeeService  : fetchAllEmployees = null
2024-05-27 22:59:19.269  INFO 28340 --- [    Test worker] c.e.rqchallenge.service.EmployeeService  : getAllEmployees = []
2024-05-27 22:59:19.269  INFO 28340 --- [    Test worker] c.e.rqchallenge.service.EmployeeService  : Employee found = Employee(id=1, employee_name=Snehal, employee_salary=25000, employee_age=32, profile_image=null)
2024-05-27 22:59:19.285  INFO 28340 --- [    Test worker] c.e.rqchallenge.service.EmployeeService  : fetchAllEmployees = EmployeeList(data=[Employee(id=1, employee_name=Snehal, employee_salary=25000, employee_age=32, profile_image=null), Employee(id=2, employee_name=Arun, employee_salary=12000, employee_age=25, profile_image=null), Employee(id=3, employee_name=Sonal, employee_salary=10000, employee_age=28, profile_image=null), Employee(id=4, employee_name=Ajay, employee_salary=10005, employee_age=45, profile_image=null), Employee(id=5, employee_name=Madhukar, employee_salary=100006, employee_age=35, profile_image=null), Employee(id=6, employee_name=Narayan, employee_salary=10000, employee_age=50, profile_image=null), Employee(id=7, employee_name=Prakash, employee_salary=10001, employee_age=39, profile_image=null), Employee(id=8, employee_name=Sanjay, employee_salary=10002, employee_age=42, profile_image=null), Employee(id=9, employee_name=Radha, employee_salary=10003, employee_age=65, profile_image=null), Employee(id=10, employee_name=Sarika, employee_salary=10004, employee_age=41, profile_image=null), Employee(id=11, employee_name=Ajay Kumar, employee_salary=200000, employee_age=45, profile_image=null)])
2024-05-27 22:59:19.285  INFO 28340 --- [    Test worker] c.e.rqchallenge.service.EmployeeService  : filteredList = []
2024-05-27 22:59:19.316  INFO 28340 --- [    Test worker] c.e.rqchallenge.service.EmployeeService  : Employee found = null
2024-05-27 22:59:19.332  INFO 28340 --- [    Test worker] c.e.rqchallenge.service.EmployeeService  : Newly created employee = EmployeeInput(id=12, name=Shinde, salary=970000, age=45)
2024-05-27 22:59:19.348  INFO 28340 --- [    Test worker] c.e.rqchallenge.service.EmployeeService  : fetchAllEmployees = EmployeeList(data=[])
2024-05-27 22:59:19.348  INFO 28340 --- [    Test worker] c.e.rqchallenge.service.EmployeeService  : highestSalary = Optional.empty
2024-05-27 22:59:19.363  INFO 28340 --- [    Test worker] c.e.rqchallenge.service.EmployeeService  : fetchAllEmployees = EmployeeList(data=[Employee(id=1, employee_name=Snehal, employee_salary=25000, employee_age=32, profile_image=null), Employee(id=2, employee_name=Arun, employee_salary=12000, employee_age=25, profile_image=null), Employee(id=3, employee_name=Sonal, employee_salary=10000, employee_age=28, profile_image=null), Employee(id=4, employee_name=Ajay, employee_salary=10005, employee_age=45, profile_image=null), Employee(id=5, employee_name=Madhukar, employee_salary=100006, employee_age=35, profile_image=null), Employee(id=6, employee_name=Narayan, employee_salary=10000, employee_age=50, profile_image=null), Employee(id=7, employee_name=Prakash, employee_salary=10001, employee_age=39, profile_image=null), Employee(id=8, employee_name=Sanjay, employee_salary=10002, employee_age=42, profile_image=null), Employee(id=9, employee_name=Radha, employee_salary=10003, employee_age=65, profile_image=null), Employee(id=10, employee_name=Sarika, employee_salary=10004, employee_age=41, profile_image=null), Employee(id=11, employee_name=Ajay Kumar, employee_salary=200000, employee_age=45, profile_image=null)])
2024-05-27 22:59:19.363  INFO 28340 --- [    Test worker] c.e.rqchallenge.service.EmployeeService  : getAllEmployees = [Employee(id=1, employee_name=Snehal, employee_salary=25000, employee_age=32, profile_image=null), Employee(id=2, employee_name=Arun, employee_salary=12000, employee_age=25, profile_image=null), Employee(id=3, employee_name=Sonal, employee_salary=10000, employee_age=28, profile_image=null), Employee(id=4, employee_name=Ajay, employee_salary=10005, employee_age=45, profile_image=null), Employee(id=5, employee_name=Madhukar, employee_salary=100006, employee_age=35, profile_image=null), Employee(id=6, employee_name=Narayan, employee_salary=10000, employee_age=50, profile_image=null), Employee(id=7, employee_name=Prakash, employee_salary=10001, employee_age=39, profile_image=null), Employee(id=8, employee_name=Sanjay, employee_salary=10002, employee_age=42, profile_image=null), Employee(id=9, employee_name=Radha, employee_salary=10003, employee_age=65, profile_image=null), Employee(id=10, employee_name=Sarika, employee_salary=10004, employee_age=41, profile_image=null), Employee(id=11, employee_name=Ajay Kumar, employee_salary=200000, employee_age=45, profile_image=null)]
2024-05-27 22:59:19.379  INFO 28340 --- [    Test worker] c.e.rqchallenge.service.EmployeeService  : fetchAllEmployees = EmployeeList(data=[])
2024-05-27 22:59:19.379  INFO 28340 --- [    Test worker] c.e.rqchallenge.service.EmployeeService  : highestSalaryEmployeeNames = []
2024-05-27 22:59:19.379  INFO 28340 --- [    Test worker] c.e.rqchallenge.service.EmployeeService  : fetchAllEmployees = EmployeeList(data=[Employee(id=1, employee_name=Snehal, employee_salary=25000, employee_age=32, profile_image=null), Employee(id=2, employee_name=Arun, employee_salary=12000, employee_age=25, profile_image=null), Employee(id=3, employee_name=Sonal, employee_salary=10000, employee_age=28, profile_image=null), Employee(id=4, employee_name=Ajay, employee_salary=10005, employee_age=45, profile_image=null), Employee(id=5, employee_name=Madhukar, employee_salary=100006, employee_age=35, profile_image=null), Employee(id=6, employee_name=Narayan, employee_salary=10000, employee_age=50, profile_image=null), Employee(id=7, employee_name=Prakash, employee_salary=10001, employee_age=39, profile_image=null), Employee(id=8, employee_name=Sanjay, employee_salary=10002, employee_age=42, profile_image=null), Employee(id=9, employee_name=Radha, employee_salary=10003, employee_age=65, profile_image=null), Employee(id=10, employee_name=Sarika, employee_salary=10004, employee_age=41, profile_image=null), Employee(id=11, employee_name=Ajay Kumar, employee_salary=200000, employee_age=45, profile_image=null)])
2024-05-27 22:59:19.379  INFO 28340 --- [    Test worker] c.e.rqchallenge.service.EmployeeService  : filteredList = [Employee(id=4, employee_name=Ajay, employee_salary=10005, employee_age=45, profile_image=null), Employee(id=11, employee_name=Ajay Kumar, employee_salary=200000, employee_age=45, profile_image=null)]
]]></system-out>
  <system-err><![CDATA[]]></system-err>
</testsuite>
